# JRE version: OpenJDK Runtime Environment Temurin-21.0.3+9 (21.0.3+9) (build 21.0.3+9-LTS)
# Java VM: OpenJDK 64-Bit Server VM Temurin-21.0.3+9 (21.0.3+9-LTS, mixed mode, emulated-client, tiered, compressed oops, compressed class ptrs, g1 gc, windows-amd64)
GC Precious Log:
 CardTable entry size: 512
 Card Set container configuration: InlinePtr #cards 4 size 8 Array Of Cards #cards 16 size 48 Howl #buckets 8 coarsen threshold 3686 Howl Bitmap #cards 512 size 80 coarsen threshold 460 Card regions per heap region 1 cards per card region 4096
 CPUs: 8 total, 8 available
 Memory: 16124M
 Large Page Support: Disabled
 NUMA Support: Disabled
 Compressed Oops: Enabled (Zero based)
 Heap Region Size: 2M
 Heap Min Capacity: 8M
 Heap Initial Capacity: 252M
 Heap Max Capacity: 4032M
 Pre-touch: Disabled
 Parallel Workers: 8
 Concurrent Workers: 2
 Concurrent Refinement Workers: 8
 Periodic GC: Disabled
Heap:
 garbage-first heap   total 83968K, used 40770K [0x0000000704000000, 0x0000000800000000)
  region size 2048K, 7 young (14336K), 3 survivors (6144K)
 Metaspace       used 90238K, committed 90880K, reserved 1179648K
  class space    used 11790K, committed 12096K, reserved 1048576K
GC Heap History (20 events):
Event: 94.000 GC heap after
{Heap after GC invocations=19 (full 0):
 garbage-first heap   total 83968K, used 36054K [0x0000000704000000, 0x0000000800000000)
  region size 2048K, 2 young (4096K), 2 survivors (4096K)
 Metaspace       used 89441K, committed 90240K, reserved 1179648K
  class space    used 11735K, committed 12096K, reserved 1048576K
}
Event: 1070.347 GC heap before
{Heap before GC invocations=20 (full 0):
 garbage-first heap   total 83968K, used 66774K [0x0000000704000000, 0x0000000800000000)
  region size 2048K, 18 young (36864K), 2 survivors (4096K)
 Metaspace       used 89403K, committed 90304K, reserved 1179648K
  class space    used 11723K, committed 12096K, reserved 1048576K
}
Event: 1070.429 GC heap after
{Heap after GC invocations=21 (full 1):
 garbage-first heap   total 83968K, used 26467K [0x0000000704000000, 0x0000000800000000)
  region size 2048K, 0 young (0K), 0 survivors (0K)
 Metaspace       used 89313K, committed 90304K, reserved 1179648K
  class space    used 11701K, committed 12096K, reserved 1048576K
}
Event: 1071.778 GC heap before
{Heap before GC invocations=21 (full 1):
 garbage-first heap   total 83968K, used 69475K [0x0000000704000000, 0x0000000800000000)
  region size 2048K, 21 young (43008K), 0 survivors (0K)
 Metaspace       used 89500K, committed 90304K, reserved 1179648K
  class space    used 11744K, committed 12096K, reserved 1048576K
}
Event: 1071.787 GC heap after
{Heap after GC invocations=22 (full 1):
 garbage-first heap   total 83968K, used 30563K [0x0000000704000000, 0x0000000800000000)
  region size 2048K, 2 young (4096K), 2 survivors (4096K)
 Metaspace       used 89500K, committed 90304K, reserved 1179648K
  class space    used 11744K, committed 12096K, reserved 1048576K
}
Event: 1072.946 GC heap before
{Heap before GC invocations=23 (full 1):
 garbage-first heap   total 83968K, used 69475K [0x0000000704000000, 0x0000000800000000)
  region size 2048K, 21 young (43008K), 2 survivors (4096K)
 Metaspace       used 89754K, committed 90432K, reserved 1179648K
  class space    used 11767K, committed 12096K, reserved 1048576K
}
Event: 1072.956 GC heap after
{Heap after GC invocations=24 (full 1):
 garbage-first heap   total 83968K, used 34655K [0x0000000704000000, 0x0000000800000000)
  region size 2048K, 3 young (6144K), 3 survivors (6144K)
 Metaspace       used 89754K, committed 90432K, reserved 1179648K
  class space    used 11767K, committed 12096K, reserved 1048576K
}
Event: 1303.653 GC heap before
{Heap before GC invocations=24 (full 1):
 garbage-first heap   total 83968K, used 48991K [0x0000000704000000, 0x0000000800000000)
  region size 2048K, 11 young (22528K), 3 survivors (6144K)
 Metaspace       used 89796K, committed 90432K, reserved 1179648K
  class space    used 11776K, committed 12096K, reserved 1048576K
}
Event: 1303.753 GC heap after
{Heap after GC invocations=25 (full 2):
 garbage-first heap   total 83968K, used 28352K [0x0000000704000000, 0x0000000800000000)
  region size 2048K, 0 young (0K), 0 survivors (0K)
 Metaspace       used 89728K, committed 90432K, reserved 1179648K
  class space    used 11759K, committed 12096K, reserved 1048576K
}
Event: 1305.457 GC heap before
{Heap before GC invocations=25 (full 2):
 garbage-first heap   total 83968K, used 69312K [0x0000000704000000, 0x0000000800000000)
  region size 2048K, 20 young (40960K), 0 survivors (0K)
 Metaspace       used 89792K, committed 90432K, reserved 1179648K
  class space    used 11769K, committed 12096K, reserved 1048576K
}
Event: 1305.464 GC heap after
{Heap after GC invocations=26 (full 2):
 garbage-first heap   total 83968K, used 31684K [0x0000000704000000, 0x0000000800000000)
  region size 2048K, 2 young (4096K), 2 survivors (4096K)
 Metaspace       used 89792K, committed 90432K, reserved 1179648K
  class space    used 11769K, committed 12096K, reserved 1048576K
}
Event: 1306.833 GC heap before
{Heap before GC invocations=27 (full 2):
 garbage-first heap   total 83968K, used 70596K [0x0000000704000000, 0x0000000800000000)
  region size 2048K, 21 young (43008K), 2 survivors (4096K)
 Metaspace       used 89941K, committed 90560K, reserved 1179648K
  class space    used 11764K, committed 12096K, reserved 1048576K
}
Event: 1306.840 GC heap after
{Heap after GC invocations=28 (full 2):
 garbage-first heap   total 83968K, used 34849K [0x0000000704000000, 0x0000000800000000)
  region size 2048K, 3 young (6144K), 3 survivors (6144K)
 Metaspace       used 89941K, committed 90560K, reserved 1179648K
  class space    used 11764K, committed 12096K, reserved 1048576K
}
Event: 1315.860 GC heap before
{Heap before GC invocations=28 (full 2):
 garbage-first heap   total 83968K, used 40993K [0x0000000704000000, 0x0000000800000000)
  region size 2048K, 7 young (14336K), 3 survivors (6144K)
 Metaspace       used 89947K, committed 90560K, reserved 1179648K
  class space    used 11765K, committed 12096K, reserved 1048576K
}
Event: 1315.954 GC heap after
{Heap after GC invocations=29 (full 3):
 garbage-first heap   total 83968K, used 28479K [0x0000000704000000, 0x0000000800000000)
  region size 2048K, 0 young (0K), 0 survivors (0K)
 Metaspace       used 89944K, committed 90560K, reserved 1179648K
  class space    used 11764K, committed 12096K, reserved 1048576K
}
Event: 1317.686 GC heap before
{Heap before GC invocations=29 (full 3):
 garbage-first heap   total 83968K, used 69439K [0x0000000704000000, 0x0000000800000000)
  region size 2048K, 20 young (40960K), 0 survivors (0K)
 Metaspace       used 90009K, committed 90624K, reserved 1179648K
  class space    used 11774K, committed 12096K, reserved 1048576K
}
Event: 1317.693 GC heap after
{Heap after GC invocations=30 (full 3):
 garbage-first heap   total 83968K, used 31933K [0x0000000704000000, 0x0000000800000000)
  region size 2048K, 2 young (4096K), 2 survivors (4096K)
 Metaspace       used 90009K, committed 90624K, reserved 1179648K
  class space    used 11774K, committed 12096K, reserved 1048576K
}
Event: 1318.747 GC heap before
{Heap before GC invocations=31 (full 3):
 garbage-first heap   total 83968K, used 68797K [0x0000000704000000, 0x0000000800000000)
  region size 2048K, 20 young (40960K), 2 survivors (4096K)
 Metaspace       used 90235K, committed 90816K, reserved 1179648K
  class space    used 11790K, committed 12096K, reserved 1048576K
}
Event: 1318.756 GC heap after
{Heap after GC invocations=32 (full 3):
 garbage-first heap   total 83968K, used 34626K [0x0000000704000000, 0x0000000800000000)
  region size 2048K, 3 young (6144K), 3 survivors (6144K)
 Metaspace       used 90235K, committed 90816K, reserved 1179648K
  class space    used 11790K, committed 12096K, reserved 1048576K
}
Event: 1334.849 GC heap before
{Heap before GC invocations=32 (full 3):
 garbage-first heap   total 83968K, used 40770K [0x0000000704000000, 0x0000000800000000)
  region size 2048K, 7 young (14336K), 3 survivors (6144K)
 Metaspace       used 90238K, committed 90880K, reserved 1179648K
  class space    used 11790K, committed 12096K, reserved 1048576K
}

